<?xml version="1.0" encoding="utf-8"?><testsuites><testsuite name="pytest" errors="0" failures="0" skipped="0" tests="61" time="49.764" timestamp="2023-05-06T23:14:55.043043" hostname="user1s-MacBook-Pro.local"><testcase classname="test_drive" name="test_location[TEST00001 : Verify valid location-canada:vancouver:drake_street_and_pacific_blvd-agent_states0-agent_attributes0-recurrent_states0-expected_result0]" file="test_drive.py" line="63" time="0.359" /><testcase classname="test_drive" name="test_invalid_location[TEST00002 : Verify crash: invalid location-canada:vancouver:drake_street_and_pacific_bl-agent_states0-agent_attributes0-recurrent_states0-expected_result0]" file="test_drive.py" line="97" time="0.066" /><testcase classname="test_drive" name="test_agentstate[TEST00003 : Verify multiple AgentState: 2-canada:vancouver:drake_street_and_pacific_blvd-agent_states0-agent_attributes0-recurrent_states0-expected_result0]" file="test_drive.py" line="131" time="0.114" /><testcase classname="test_drive" name="test_agentstate[TEST00004 : Verify crash: empty AgentState, AgentAttributes not empty-canada:vancouver:drake_street_and_pacific_blvd-agent_states1-agent_attributes1-recurrent_states1-expected_result1]" file="test_drive.py" line="131" time="0.002" /><testcase classname="test_drive" name="test_agentstate[TEST00005 : Verify crash: empty AgentState and empty AgentAttributes-canada:vancouver:drake_street_and_pacific_blvd-agent_states2-agent_attributes2-recurrent_states2-expected_result2]" file="test_drive.py" line="131" time="0.003" /><testcase classname="test_drive" name="test_RecurrentState[TEST00006 : Verify crash: RecurrentState: empty-canada:vancouver:drake_street_and_pacific_blvd-agent_states0-agent_attributes0-recurrent_states0-expected_result0]" file="test_drive.py" line="189" time="0.002" /><testcase classname="test_drive" name="test_RecurrentState[TEST00007 : Verify crash: AgentState: empty, AgentAttributes: empty, RecurrentState: empty-canada:vancouver:drake_street_and_pacific_blvd-agent_states1-agent_attributes1-recurrent_states1-expected_result1]" file="test_drive.py" line="189" time="0.073" /><testcase classname="test_drive" name="test_AgentState_invalid[TEST00101 : Verify crash: agent invalid format-canada:vancouver:drake_street_and_pacific_blvd-agent_states0-agent_attributes0-recurrent_states0-expected_result0]" file="test_drive.py" line="232" time="0.005" /><testcase classname="test_drive" name="test_AgentAttributes_invalid[TEST00111 : Verify crash: AgentAttributes invalid format: rear_axis_offset-canada:vancouver:drake_street_and_pacific_blvd-agent_states0-agent_attributes0-recurrent_states0-expected_result0]" file="test_drive.py" line="262" time="0.002" /><testcase classname="test_drive" name="test_AgentAttributes_invalid[TEST00112 : Verify crash: AgentAttributes invalid format: width-canada:vancouver:drake_street_and_pacific_blvd-agent_states1-agent_attributes1-recurrent_states1-expected_result1]" file="test_drive.py" line="262" time="0.002" /><testcase classname="test_drive" name="test_AgentAttributes_invalid[TEST00113 : Verify crash: AgentAttributes invalid format: length-canada:vancouver:drake_street_and_pacific_blvd-agent_states2-agent_attributes2-recurrent_states2-expected_result2]" file="test_drive.py" line="262" time="0.002" /><testcase classname="test_drive" name="test_speed[TEST00201 : Verify valid speed-canada:vancouver:drake_street_and_pacific_blvd-agent_states0-agent_attributes0-recurrent_states0-expected_result0]" file="test_drive.py" line="322" time="0.109" /><testcase classname="test_drive" name="test_speed[TEST00202 : Verify large speed-canada:vancouver:drake_street_and_pacific_blvd-agent_states1-agent_attributes1-recurrent_states1-expected_result1]" file="test_drive.py" line="322" time="0.099" /><testcase classname="test_drive" name="test_speed[TEST00203 : Verify speed 0-canada:vancouver:drake_street_and_pacific_blvd-agent_states2-agent_attributes2-recurrent_states2-expected_result2]" file="test_drive.py" line="322" time="0.112" /><testcase classname="test_drive" name="test_speed[TEST00204 : Verify speed negative-canada:vancouver:drake_street_and_pacific_blvd-agent_states3-agent_attributes3-recurrent_states3-expected_result3]" file="test_drive.py" line="322" time="0.101" /><testcase classname="test_drive" name="test_speed[TEST00205 : Verify speed negative large-canada:vancouver:drake_street_and_pacific_blvd-agent_states4-agent_attributes4-recurrent_states4-expected_result4]" file="test_drive.py" line="322" time="0.107" /><testcase classname="test_drive" name="test_orientation[TEST00211 : Verify orientation 0-canada:vancouver:drake_street_and_pacific_blvd-agent_states0-agent_attributes0-recurrent_states0-expected_result0]" file="test_drive.py" line="404" time="0.106" /><testcase classname="test_drive" name="test_orientation[TEST00212 : Verify orientation negative-canada:vancouver:drake_street_and_pacific_blvd-agent_states1-agent_attributes1-recurrent_states1-expected_result1]" file="test_drive.py" line="404" time="0.112" /><testcase classname="test_drive" name="test_orientation[TEST00213 : Verify orientation large-canada:vancouver:drake_street_and_pacific_blvd-agent_states2-agent_attributes2-recurrent_states2-expected_result2]" file="test_drive.py" line="404" time="0.114" /><testcase classname="test_drive" name="test_point[TEST00221 : Verify point x 0-canada:vancouver:drake_street_and_pacific_blvd-agent_states0-agent_attributes0-recurrent_states0-expected_result0]" file="test_drive.py" line="462" time="0.100" /><testcase classname="test_drive" name="test_point[TEST00222 : Verify point x 0, y 0-canada:vancouver:drake_street_and_pacific_blvd-agent_states1-agent_attributes1-recurrent_states1-expected_result1]" file="test_drive.py" line="462" time="0.109" /><testcase classname="test_drive" name="test_point[TEST00223 : Verify point x negative large, y large-canada:vancouver:drake_street_and_pacific_blvd-agent_states2-agent_attributes2-recurrent_states2-expected_result2]" file="test_drive.py" line="462" time="0.132" /><testcase classname="test_drive" name="test_length[TEST00301 : Verify agent_attributes length 0-canada:vancouver:drake_street_and_pacific_blvd-agent_states0-agent_attributes0-recurrent_states0-expected_result0]" file="test_drive.py" line="516" time="0.107" /><testcase classname="test_drive" name="test_length[TEST00302 : Verify agent_attributes length negative-canada:vancouver:drake_street_and_pacific_blvd-agent_states1-agent_attributes1-recurrent_states1-expected_result1]" file="test_drive.py" line="516" time="0.095" /><testcase classname="test_drive" name="test_length[TEST00303 : Verify agent_attributes length large-canada:vancouver:drake_street_and_pacific_blvd-agent_states2-agent_attributes2-recurrent_states2-expected_result2]" file="test_drive.py" line="516" time="0.109" /><testcase classname="test_drive" name="test_width[TEST00311 : Verify agent_attributes width 0-canada:vancouver:drake_street_and_pacific_blvd-agent_states0-agent_attributes0-recurrent_states0-expected_result0]" file="test_drive.py" line="576" time="0.112" /><testcase classname="test_drive" name="test_width[TEST00312 : Verify agent_attributes width negative-canada:vancouver:drake_street_and_pacific_blvd-agent_states1-agent_attributes1-recurrent_states1-expected_result1]" file="test_drive.py" line="576" time="0.106" /><testcase classname="test_drive" name="test_width[TEST00313 : Verify agent_attributes width large-canada:vancouver:drake_street_and_pacific_blvd-agent_states2-agent_attributes2-recurrent_states2-expected_result2]" file="test_drive.py" line="576" time="0.097" /><testcase classname="test_drive" name="test_rear_axis_offset[TEST00321 : Verify agent_attributes rear_axis_offset 0-canada:vancouver:drake_street_and_pacific_blvd-agent_states0-agent_attributes0-recurrent_states0-expected_result0]" file="test_drive.py" line="642" time="0.103" /><testcase classname="test_drive" name="test_rear_axis_offset[TEST00322 : Verify agent_attributes rear_axis_offset negative-canada:vancouver:drake_street_and_pacific_blvd-agent_states1-agent_attributes1-recurrent_states1-expected_result1]" file="test_drive.py" line="642" time="0.109" /><testcase classname="test_drive" name="test_rear_axis_offset[TEST00323 : Verify agent_attributes rear_axis_offset large-canada:vancouver:drake_street_and_pacific_blvd-agent_states2-agent_attributes2-recurrent_states2-expected_result2]" file="test_drive.py" line="642" time="0.111" /><testcase classname="test_drive" name="test_traffic_light[TEST01001 : Verify 2 NPCs with traffic none-2-traffic_lights_states0-True-None-None-False-None-expected_result0]" file="test_drive.py" line="787" time="1.547" /><testcase classname="test_drive" name="test_traffic_light[TEST01002 : Verify 2 NPCs with traffic green-2-traffic_lights_states1-True-None-None-False-None-expected_result1]" file="test_drive.py" line="787" time="1.512" /><testcase classname="test_drive" name="test_traffic_light[TEST01003 : Verify 2 NPCs with traffic yellow-2-traffic_lights_states2-True-None-None-False-None-expected_result2]" file="test_drive.py" line="787" time="1.384" /><testcase classname="test_drive" name="test_traffic_light[TEST01004 : Verify 2 NPCs with traffic red-2-traffic_lights_states3-True-None-None-False-None-expected_result3]" file="test_drive.py" line="787" time="1.544" /><testcase classname="test_drive" name="test_traffic_light[TEST01005 : Verify 2 NPCs with traffic empty-2-traffic_lights_states4-True-None-None-False-None-expected_result4]" file="test_drive.py" line="787" time="1.573" /><testcase classname="test_drive" name="test_traffic_light[TEST01006 : Verify 2 NPCs with traffic yellow switch to red-2-traffic_lights_states5-True-None-None-False-None-expected_result5]" file="test_drive.py" line="787" time="1.612" /><testcase classname="test_drive" name="test_traffic_light[TEST01007 : Verify crash: 2 NPCs with traffic invalid id-2-traffic_lights_states6-True-None-None-False-None-expected_result6]" file="test_drive.py" line="787" time="1.195" /><testcase classname="test_drive" name="test_traffic_light[TEST01008 : Verify crash: 2 NPCs with traffic invalid format-2-traffic_lights_states7-True-None-None-False-None-expected_result7]" file="test_drive.py" line="787" time="1.440" /><testcase classname="test_drive" name="test_get_birdview[TEST01101 : Verify 2 NPCs with get_birdview False-2-traffic_lights_states0-False-None-None-False-None-expected_result0]" file="test_drive.py" line="938" time="1.319" /><testcase classname="test_drive" name="test_get_birdview[TEST01102 : Verify 2 NPCs with get_birdview True-2-traffic_lights_states1-True-None-None-False-None-expected_result1]" file="test_drive.py" line="938" time="1.448" /><testcase classname="test_drive" name="test_get_infractions[TEST01201 : Verify 2 NPCs with get_infractions False-2-traffic_lights_states0-True-None-None-False-None-expected_result0]" file="test_drive.py" line="1001" time="1.708" /><testcase classname="test_drive" name="test_get_infractions[TEST01202 : Verify 2 NPCs with get_infractions True-2-traffic_lights_states1-True-None-None-True-None-expected_result1]" file="test_drive.py" line="1001" time="2.484" /><testcase classname="test_drive" name="test_rendering_center[TEST01301 : Verify 2 NPCs with rendering_center-2-traffic_lights_states0-True-rendering_center0-None-True-None-expected_result0]" file="test_drive.py" line="1064" time="1.424" /><testcase classname="test_drive" name="test_rendering_center[TEST01302 : Verify 2 NPCs with rendering_center 0-2-traffic_lights_states1-True-rendering_center1-None-True-None-expected_result1]" file="test_drive.py" line="1064" time="2.363" /><testcase classname="test_drive" name="test_rendering_center[TEST01303 : Verify 2 NPCs with rendering_center negative-2-traffic_lights_states2-True-rendering_center2-None-True-None-expected_result2]" file="test_drive.py" line="1064" time="1.426" /><testcase classname="test_drive" name="test_rendering_center[TEST01304 : Verify 2 NPCs with rendering_center large-2-traffic_lights_states3-True-rendering_center3-None-True-None-expected_result3]" file="test_drive.py" line="1064" time="1.384" /><testcase classname="test_drive" name="test_rendering_center[TEST01305 : Verify 2 NPCs with rendering_center ('9995', '99999996')-2-traffic_lights_states4-True-rendering_center4-None-True-None-expected_result4]" file="test_drive.py" line="1064" time="1.265" /><testcase classname="test_drive" name="test_rendering_center[TEST01306 : Verify crash: 2 NPCs with rendering_center invalid format 2-2-traffic_lights_states5-True-rendering_center5-None-True-None-expected_result5]" file="test_drive.py" line="1064" time="1.106" /><testcase classname="test_drive" name="test_rendering_fov[TEST01401 : Verify 2 NPCs with rendering_center-2-traffic_lights_states0-True-rendering_center0-10.75-True-None-expected_result0]" file="test_drive.py" line="1191" time="2.043" /><testcase classname="test_drive" name="test_rendering_fov[TEST01402 : Verify 2 NPCs with rendering_center negative-2-traffic_lights_states1-True-rendering_center1--10.75-True-None-expected_result1]" file="test_drive.py" line="1191" time="2.039" /><testcase classname="test_drive" name="test_rendering_fov[TEST01403 : Verify 2 NPCs with rendering_center large-2-traffic_lights_states2-True-rendering_center2-99999.75-True-None-expected_result2]" file="test_drive.py" line="1191" time="1.326" /><testcase classname="test_drive" name="test_rendering_fov[TEST01404 : Verify 2 NPCs with rendering_center '9999099.087654'-2-traffic_lights_states3-True-rendering_center3-9999099.087654-True-None-expected_result3]" file="test_drive.py" line="1191" time="1.320" /><testcase classname="test_drive" name="test_rendering_fov[TEST01405 : Verify crash: 2 NPCs with rendering_center 0-2-traffic_lights_states4-True-rendering_center4-0-True-None-expected_result4]" file="test_drive.py" line="1191" time="1.202" /><testcase classname="test_drive" name="test_rendering_fov[TEST01406 : Verify crash: 2 NPCs with rendering_center invalid format-2-traffic_lights_states5-True-rendering_center5-a-True-None-expected_result5]" file="test_drive.py" line="1191" time="1.092" /><testcase classname="test_drive" name="test_random_seed[TEST01501 : Verify 2 NPCs with random_seed-2-traffic_lights_states0-True-rendering_center0-10.75-True-108987-expected_result0]" file="test_drive.py" line="1316" time="1.937" /><testcase classname="test_drive" name="test_random_seed[TEST01502 : Verify 2 NPCs with random_seed 0-2-traffic_lights_states1-True-rendering_center1-10.75-True-0-expected_result1]" file="test_drive.py" line="1316" time="1.878" /><testcase classname="test_drive" name="test_random_seed[TEST01503 : Verify crash: 2 NPCs with random_seed negative-2-traffic_lights_states2-True-rendering_center2-10.75-True--987-expected_result2]" file="test_drive.py" line="1316" time="1.257" /><testcase classname="test_drive" name="test_random_seed[TEST01504 : Verify crash: 2 NPCs with random_seed big large 899999999999-2-traffic_lights_states3-True-rendering_center3-10.75-True-899999999999-expected_result3]" file="test_drive.py" line="1316" time="1.350" /><testcase classname="test_drive" name="test_random_seed[TEST01505 : Verify crash: 2 NPCs with random_seed invalid format-2-traffic_lights_states4-True-rendering_center4-10.75-True-ab-expected_result4]" file="test_drive.py" line="1316" time="1.097" /><testcase classname="test_drive" name="test_npc_25[TEST02001 : Verify 20 NPCs-20-traffic_lights_states0-True-rendering_center0-10.75-True-108987-expected_result0]" file="test_drive.py" line="1426" time="2.540" /></testsuite></testsuites>